<?xml version="1.0" encoding="UTF-8"?>
<!-- Generated by org.testng.reporters.JUnitXMLReporter -->
<testsuite ignored="1" hostname="DESKTOP-4LNCIFR" failures="0" tests="3" name="Test" time="0.074" errors="0" timestamp="2024-01-30T01:08:30 IST">
  <testcase classname="testcases.BaseTest" name="@BeforeSuite initBrowser" time="5.181">
    <failure type="org.openqa.selenium.remote.http.ConnectionFailedException" message="Unable to establish websocket connection to http://localhost:51441/devtools/browser/e4f5f219-ec2a-4f83-9329-cad5de6d6b06
Build info: version: &amp;apos;4.1.0&amp;apos;, revision: &amp;apos;87802e897b&amp;apos;
System info: host: &amp;apos;DESKTOP-4LNCIFR&amp;apos;, ip: &amp;apos;192.168.1.3&amp;apos;, os.name: &amp;apos;Windows 10&amp;apos;, os.arch: &amp;apos;amd64&amp;apos;, os.version: &amp;apos;10.0&amp;apos;, java.version: &amp;apos;17.0.9&amp;apos;
Driver info: driver.version: ChromeDriver">
      <![CDATA[org.openqa.selenium.remote.http.ConnectionFailedException: Unable to establish websocket connection to http://localhost:51441/devtools/browser/e4f5f219-ec2a-4f83-9329-cad5de6d6b06
Build info: version: '4.1.0', revision: '87802e897b'
System info: host: 'DESKTOP-4LNCIFR', ip: '192.168.1.3', os.name: 'Windows 10', os.arch: 'amd64', os.version: '10.0', java.version: '17.0.9'
Driver info: driver.version: ChromeDriver
at org.openqa.selenium.remote.http.netty.NettyWebSocket.<init>(NettyWebSocket.java:104)
at org.openqa.selenium.remote.http.netty.NettyWebSocket.lambda$create$3(NettyWebSocket.java:137)
at org.openqa.selenium.remote.http.netty.NettyClient.openSocket(NettyClient.java:116)
at org.openqa.selenium.devtools.Connection.<init>(Connection.java:77)
at org.openqa.selenium.chromium.ChromiumDriver.lambda$new$2(ChromiumDriver.java:124)
at java.base/java.util.Optional.map(Optional.java:260)
at org.openqa.selenium.chromium.ChromiumDriver.<init>(ChromiumDriver.java:122)
at org.openqa.selenium.chrome.ChromeDriver.<init>(ChromeDriver.java:104)
at org.openqa.selenium.chrome.ChromeDriver.<init>(ChromeDriver.java:91)
at org.openqa.selenium.chrome.ChromeDriver.<init>(ChromeDriver.java:46)
at testcases.BaseTest.initBrowser(BaseTest.java:27)
... Removed 22 stack frames]]>
    </failure>
  </testcase> <!-- @BeforeSuite initBrowser -->
  <testcase classname="testcases.BaseTest" name="@BeforeClass createObject" time="-1.706557110393E9">
    <skipped/>
  </testcase> <!-- @BeforeClass createObject -->
  <testcase classname="testcases.BaseTest" name="@BeforeClass createObject" time="-1.706557110417E9">
    <skipped/>
  </testcase> <!-- @BeforeClass createObject -->
  <testcase classname="testcases.DashBoardTest" name="search" time="0.0">
    <skipped/>
  </testcase> <!-- search -->
  <testcase classname="testcases.LoginTest" name="loginToApp" time="0.0">
    <skipped/>
  </testcase> <!-- loginToApp -->
  <testcase classname="testcases.LoginTest" name="verifyUrl" time="0.0">
    <skipped/>
  </testcase> <!-- verifyUrl -->
  <testcase classname="testcases.BaseTest" name="@BeforeSuite initBrowser" time="0.0">
    <ignored/>
  </testcase> <!-- @BeforeSuite initBrowser -->
</testsuite> <!-- Test -->
